<?xml version="1.0" encoding="UTF-8"?>
<testsuite xmlns:xsi="http://www.w3.org/2001/XMLSchema-instance" xsi:noNamespaceSchemaLocation="https://maven.apache.org/surefire/maven-surefire-plugin/xsd/surefire-test-report-3.0.xsd" version="3.0" name="crux.CompilerStageTests" time="0.371" tests="50" errors="0" skipped="0" failures="0">
  <properties>
    <property name="java.specification.version" value="17"/>
    <property name="sun.cpu.isalist" value="amd64"/>
    <property name="sun.jnu.encoding" value="Cp1252"/>
    <property name="java.class.path" value="C:\Users\Ashley\crux\target\test-classes;C:\Users\Ashley\crux\target\classes;C:\Users\Ashley\.m2\repository\org\antlr\antlr4-runtime\4.7.2\antlr4-runtime-4.7.2.jar;C:\Users\Ashley\.m2\repository\org\junit\jupiter\junit-jupiter-api\5.5.2\junit-jupiter-api-5.5.2.jar;C:\Users\Ashley\.m2\repository\org\apiguardian\apiguardian-api\1.1.0\apiguardian-api-1.1.0.jar;C:\Users\Ashley\.m2\repository\org\opentest4j\opentest4j\1.2.0\opentest4j-1.2.0.jar;C:\Users\Ashley\.m2\repository\org\junit\platform\junit-platform-commons\1.5.2\junit-platform-commons-1.5.2.jar;C:\Users\Ashley\.m2\repository\org\junit\jupiter\junit-jupiter-engine\5.5.2\junit-jupiter-engine-5.5.2.jar;C:\Users\Ashley\.m2\repository\org\junit\platform\junit-platform-engine\1.5.2\junit-platform-engine-1.5.2.jar;"/>
    <property name="java.vm.vendor" value="Oracle Corporation"/>
    <property name="sun.arch.data.model" value="64"/>
    <property name="user.variant" value=""/>
    <property name="java.vendor.url" value="https://java.oracle.com/"/>
    <property name="user.timezone" value="America/Los_Angeles"/>
    <property name="os.name" value="Windows 10"/>
    <property name="java.vm.specification.version" value="17"/>
    <property name="sun.java.launcher" value="SUN_STANDARD"/>
    <property name="user.country" value="US"/>
    <property name="sun.boot.library.path" value="C:\Program Files\Java\jdk-17.0.4.1\bin"/>
    <property name="sun.java.command" value="C:\Users\Ashley\AppData\Local\Temp\surefire9091309033621233650\surefirebooter14518947892661821717.jar C:\Users\Ashley\AppData\Local\Temp\surefire9091309033621233650 2023-01-17T14-20-46_199-jvmRun1 surefire11291330838152492167tmp surefire_07490626387718916380tmp"/>
    <property name="jdk.debug" value="release"/>
    <property name="surefire.test.class.path" value="C:\Users\Ashley\crux\target\test-classes;C:\Users\Ashley\crux\target\classes;C:\Users\Ashley\.m2\repository\org\antlr\antlr4-runtime\4.7.2\antlr4-runtime-4.7.2.jar;C:\Users\Ashley\.m2\repository\org\junit\jupiter\junit-jupiter-api\5.5.2\junit-jupiter-api-5.5.2.jar;C:\Users\Ashley\.m2\repository\org\apiguardian\apiguardian-api\1.1.0\apiguardian-api-1.1.0.jar;C:\Users\Ashley\.m2\repository\org\opentest4j\opentest4j\1.2.0\opentest4j-1.2.0.jar;C:\Users\Ashley\.m2\repository\org\junit\platform\junit-platform-commons\1.5.2\junit-platform-commons-1.5.2.jar;C:\Users\Ashley\.m2\repository\org\junit\jupiter\junit-jupiter-engine\5.5.2\junit-jupiter-engine-5.5.2.jar;C:\Users\Ashley\.m2\repository\org\junit\platform\junit-platform-engine\1.5.2\junit-platform-engine-1.5.2.jar;"/>
    <property name="sun.cpu.endian" value="little"/>
    <property name="user.home" value="C:\Users\Ashley"/>
    <property name="user.language" value="en"/>
    <property name="java.specification.vendor" value="Oracle Corporation"/>
    <property name="java.version.date" value="2022-08-18"/>
    <property name="java.home" value="C:\Program Files\Java\jdk-17.0.4.1"/>
    <property name="file.separator" value="\"/>
    <property name="basedir" value="C:\Users\Ashley\crux"/>
    <property name="java.vm.compressedOopsMode" value="Zero based"/>
    <property name="line.separator" value="&#10;"/>
    <property name="java.vm.specification.vendor" value="Oracle Corporation"/>
    <property name="java.specification.name" value="Java Platform API Specification"/>
    <property name="surefire.real.class.path" value="C:\Users\Ashley\AppData\Local\Temp\surefire9091309033621233650\surefirebooter14518947892661821717.jar"/>
    <property name="user.script" value=""/>
    <property name="sun.management.compiler" value="HotSpot 64-Bit Tiered Compilers"/>
    <property name="java.runtime.version" value="17.0.4.1+1-LTS-2"/>
    <property name="user.name" value="Ashley"/>
    <property name="path.separator" value=";"/>
    <property name="os.version" value="10.0"/>
    <property name="java.runtime.name" value="Java(TM) SE Runtime Environment"/>
    <property name="file.encoding" value="Cp1252"/>
    <property name="java.vm.name" value="Java HotSpot(TM) 64-Bit Server VM"/>
    <property name="localRepository" value="C:\Users\Ashley\.m2\repository"/>
    <property name="java.vendor.url.bug" value="https://bugreport.java.com/bugreport/"/>
    <property name="java.io.tmpdir" value="C:\Users\Ashley\AppData\Local\Temp\"/>
    <property name="idea.version" value="2022.3.1"/>
    <property name="java.version" value="17.0.4.1"/>
    <property name="user.dir" value="C:\Users\Ashley\crux"/>
    <property name="os.arch" value="amd64"/>
    <property name="java.vm.specification.name" value="Java Virtual Machine Specification"/>
    <property name="sun.os.patch.level" value=""/>
    <property name="native.encoding" value="Cp1252"/>
    <property name="java.library.path" value="C:\Program Files\Java\jdk-17.0.4.1\bin;C:\WINDOWS\Sun\Java\bin;C:\WINDOWS\system32;C:\WINDOWS;C:\Program Files\Google\Chrome\Application;C:\Program Files\Common Files\Oracle\Java\javapath;C:\Program Files (x86)\VMware\VMware Workstation\bin\;C:\Program Files (x86)\Razer Chroma SDK\bin;C:\Program Files\Razer Chroma SDK\bin;C:\Program Files (x86)\Razer\ChromaBroadcast\bin;C:\Program Files\Razer\ChromaBroadcast\bin;C:\Program Files (x86)\Common Files\Oracle\Java\javapath;C:\Windows;C:\Windows\system32;C:\Windows\System32\Wbem;C:\Windows\System32\WindowsPowerShell\v1.0\;C:\Windows\System32\OpenSSH\;C:\Program Files (x86)\Windows Kits\8.1\Windows Performance Toolkit\;C:\Users\Ashley\AppData\Local\Programs\Python\Python38;C:\Users\Ashley\AppData\Local\Programs\Python\Python38\Scripts;C:\WINDOWS\system32;C:\WINDOWS;C:\WINDOWS\System32\Wbem;C:\WINDOWS\System32\WindowsPowerShell\v1.0\;C:\WINDOWS\System32\OpenSSH\;C:\Program Files (x86)\Brackets\command;C:\WINDOWS\system32\config\systemprofile\AppData\Local\Microsoft\WindowsApps;C:\Program Files\nodejs\;C:\Program Files\Git\cmd;C:\Program Files\dotnet\;C:\Program Files\PuTTY\;C:\msys64\mingw64\bin;C:\Users\Ashley\AppData\Local\Microsoft\WindowsApps;C:\Users\Ashley\AppData\Local\Programs\Microsoft VS Code\bin;C:\texlive\2021\bin\win32;C:\Users\Ashley\AppData\Roaming\npm;C:\Users\Ashley\AppData\Local\GitHubDesktop\bin;."/>
    <property name="java.vm.info" value="mixed mode, sharing"/>
    <property name="java.vendor" value="Oracle Corporation"/>
    <property name="java.vm.version" value="17.0.4.1+1-LTS-2"/>
    <property name="sun.io.unicode.encoding" value="UnicodeLittle"/>
    <property name="java.class.version" value="61.0"/>
  </properties>
  <testcase name="parseTree" classname="crux.CompilerStageTests" time="0.074"/>
  <testcase name="parseTree" classname="crux.CompilerStageTests" time="0.004"/>
  <testcase name="parseTree" classname="crux.CompilerStageTests" time="0.003"/>
  <testcase name="parseTree" classname="crux.CompilerStageTests" time="0.003"/>
  <testcase name="parseTree" classname="crux.CompilerStageTests" time="0.007"/>
  <testcase name="parseTree" classname="crux.CompilerStageTests" time="0.006"/>
  <testcase name="parseTree" classname="crux.CompilerStageTests" time="0.003"/>
  <testcase name="parseTree" classname="crux.CompilerStageTests" time="0.003"/>
  <testcase name="parseTree" classname="crux.CompilerStageTests" time="0.004"/>
  <testcase name="parseTree" classname="crux.CompilerStageTests" time="0.004"/>
  <testcase name="parseTree" classname="crux.CompilerStageTests" time="0.004"/>
  <testcase name="parseTree" classname="crux.CompilerStageTests" time="0.007"/>
  <testcase name="parseTree" classname="crux.CompilerStageTests" time="0.003"/>
  <testcase name="parseTree" classname="crux.CompilerStageTests" time="0.002"/>
  <testcase name="parseTree" classname="crux.CompilerStageTests" time="0.002"/>
  <testcase name="parseTree" classname="crux.CompilerStageTests" time="0.002"/>
  <testcase name="parseTree" classname="crux.CompilerStageTests" time="0.009"/>
  <testcase name="parseTree" classname="crux.CompilerStageTests" time="0.004"/>
  <testcase name="parseTree" classname="crux.CompilerStageTests" time="0.005"/>
  <testcase name="parseTree" classname="crux.CompilerStageTests" time="0.003"/>
  <testcase name="parseTree" classname="crux.CompilerStageTests" time="0.002"/>
  <testcase name="parseTree" classname="crux.CompilerStageTests" time="0.002"/>
  <testcase name="parseTree" classname="crux.CompilerStageTests" time="0.002"/>
  <testcase name="parseTree" classname="crux.CompilerStageTests" time="0.003"/>
  <testcase name="parseTree" classname="crux.CompilerStageTests" time="0.003"/>
  <testcase name="parseTree" classname="crux.CompilerStageTests" time="0.003"/>
  <testcase name="parseTree" classname="crux.CompilerStageTests" time="0.003"/>
  <testcase name="parseTree" classname="crux.CompilerStageTests" time="0.003"/>
  <testcase name="parseTree" classname="crux.CompilerStageTests" time="0.003"/>
  <testcase name="parseTree" classname="crux.CompilerStageTests" time="0.003"/>
  <testcase name="parseTree" classname="crux.CompilerStageTests" time="0.003"/>
  <testcase name="parseTree" classname="crux.CompilerStageTests" time="0.003"/>
  <testcase name="parseTree" classname="crux.CompilerStageTests" time="0.002"/>
  <testcase name="parseTree" classname="crux.CompilerStageTests" time="0.004"/>
  <testcase name="parseTree" classname="crux.CompilerStageTests" time="0.003"/>
  <testcase name="parseTree" classname="crux.CompilerStageTests" time="0.003"/>
  <testcase name="parseTree" classname="crux.CompilerStageTests" time="0.003"/>
  <testcase name="parseTree" classname="crux.CompilerStageTests" time="0.007"/>
  <testcase name="parseTree" classname="crux.CompilerStageTests" time="0.006"/>
  <testcase name="parseTree" classname="crux.CompilerStageTests" time="0.006"/>
  <testcase name="parseTree" classname="crux.CompilerStageTests" time="0.007"/>
  <testcase name="parseTree" classname="crux.CompilerStageTests" time="0.003"/>
  <testcase name="parseTree" classname="crux.CompilerStageTests" time="0.007"/>
  <testcase name="parseTree" classname="crux.CompilerStageTests" time="0.006"/>
  <testcase name="parseTree" classname="crux.CompilerStageTests" time="0.004"/>
  <testcase name="parseTree" classname="crux.CompilerStageTests" time="0.005"/>
  <testcase name="parseTree" classname="crux.CompilerStageTests" time="0.009"/>
  <testcase name="parseTree" classname="crux.CompilerStageTests" time="0.004"/>
  <testcase name="parseTree" classname="crux.CompilerStageTests" time="0.008"/>
  <testcase name="parseTree" classname="crux.CompilerStageTests" time="0.011"/>
</testsuite>